<?xml version="1.0" encoding="UTF-8"?>
<testng-results ignored="0" total="1" passed="1" failed="0" skipped="0">
  <reporter-output>
  </reporter-output>
  <suite started-at="2022-05-10T17:28:48 IST" name="Default suite" finished-at="2022-05-10T17:28:50 IST" duration-ms="1835">
    <groups>
    </groups>
    <test started-at="2022-05-10T17:28:48 IST" name="Default test" finished-at="2022-05-10T17:28:50 IST" duration-ms="1835">
      <class name="NewTest">
        <test-method signature="f()[pri:0, instance:NewTest@76a4ebf2]" started-at="2022-05-10T17:28:48 IST" name="f" finished-at="2022-05-10T17:28:48 IST" duration-ms="8" status="PASS">
          <reporter-output>
          </reporter-output>
        </test-method> <!-- f -->
      </class> <!-- NewTest -->
      <class name="com.qa.Test.TestCase">
        <test-method is-config="true" signature="setup()[pri:0, instance:com.qa.Test.TestCase@4a83a74a]" started-at="2022-05-10T17:28:48 IST" name="setup" finished-at="2022-05-10T17:28:50 IST" duration-ms="1793" status="PASS">
          <reporter-output>
          </reporter-output>
        </test-method> <!-- setup -->
      </class> <!-- com.qa.Test.TestCase -->
    </test> <!-- Default test -->
  </suite> <!-- Default suite -->
</testng-results>
